<?xml version="1.0" encoding="UTF-8"?>
<testsuite xmlns:xsi="http://www.w3.org/2001/XMLSchema-instance" xsi:noNamespaceSchemaLocation="https://maven.apache.org/surefire/maven-surefire-plugin/xsd/surefire-test-report.xsd" version="3.0.2" name="test_runners.CucumberTestRunner" time="168.961" tests="9" errors="0" skipped="0" failures="0">
  <properties>
[...]
</properties>
  <testcase name="runScenario[&quot;User should be able to login with valid credentials&quot;, &quot;Optional[Login feature]&quot;](1)" classname="test_runners.CucumberTestRunner" time="76.304">
    <system-out><![CDATA[
@sanity @login
Scenario: User should be able to login with valid credentials &amp#27;[90m# src/test/java/feature/Login.feature:7&amp#27;[0m
  &amp#27;[32mGiven &amp#27;[0m&amp#27;[32mUser should be on the login screen&amp#27;[0m                    &amp#27;[90m# step_definations.LoginFeatureStep.userShouldBeOnTheLoginScreen()&amp#27;[0m
  &amp#27;[32mWhen &amp#27;[0m&amp#27;[32mUser enter valid username and password&amp#27;[0m                 &amp#27;[90m# step_definations.LoginFeatureStep.userEnterValidUsernameAndPassword()&amp#27;[0m
  &amp#27;[32mAnd &amp#27;[0m&amp#27;[32mUser click on the login button&amp#27;[0m                          &amp#27;[90m# step_definations.LoginFeatureStep.userClickOnTheLoginButton()&amp#27;[0m
  &amp#27;[32mThen &amp#27;[0m&amp#27;[32mUser should be navigate to the inventory page&amp#27;[0m          &amp#27;[90m# step_definations.LoginFeatureStep.userShouldBeNavigateToTheInventoryPage()&amp#27;[0m
  &amp#27;[32mBut &amp#27;[0m&amp#27;[32mUser should not be on the login page&amp#27;[0m                    &amp#27;[90m# step_definations.LoginFeatureStep.userShouldNotBeOnTheLoginPage()&amp#27;[0m
]]></system-out>
    <system-err><![CDATA[Oct 10, 2024 7:40:32 PM org.openqa.selenium.devtools.CdpVersionFinder findNearestMatch
WARNING: Unable to find an exact match for CDP version 127, returning the closest version; found: 126; Please update to a Selenium version that supports CDP version 127
]]></system-err>
  </testcase>
  <testcase name="runScenario[&quot;User should not be able to login with an invalid password&quot;, &quot;Optional[Login feature]&quot;](2)" classname="test_runners.CucumberTestRunner" time="8.393">
    <system-out><![CDATA[
@login
Scenario: User should not be able to login with an invalid password                                              &amp#27;[90m# src/test/java/feature/Login.feature:14&amp#27;[0m
  &amp#27;[32mGiven &amp#27;[0m&amp#27;[32mUser should be on the login screen&amp#27;[0m                                                                       &amp#27;[90m# step_definations.LoginFeatureStep.userShouldBeOnTheLoginScreen()&amp#27;[0m
  &amp#27;[32mWhen &amp#27;[0m&amp#27;[32mUser enter &amp#27;[0m&amp#27;[32m&amp#27;[1m"standard_user"&amp#27;[0m&amp#27;[32m on the username field&amp#27;[0m                                                          &amp#27;[90m# step_definations.LoginFeatureStep.userEnterOnTheUsernameField(java.lang.String)&amp#27;[0m
  &amp#27;[32mAnd &amp#27;[0m&amp#27;[32mUser enter &amp#27;[0m&amp#27;[32m&amp#27;[1m"secret_s"&amp#27;[0m&amp#27;[32m on the password field&amp#27;[0m                                                                &amp#27;[90m# step_definations.LoginFeatureStep.userEnterOnThePasswordField(java.lang.String)&amp#27;[0m
  &amp#27;[32mAnd &amp#27;[0m&amp#27;[32mUser click on the login button&amp#27;[0m                                                                             &amp#27;[90m# step_definations.LoginFeatureStep.userClickOnTheLoginButton()&amp#27;[0m
  &amp#27;[32mThen &amp#27;[0m&amp#27;[32mUser should see &amp#27;[0m&amp#27;[32m&amp#27;[1m"Epic sadface: Username and password do not match any user in this service"&amp#27;[0m&amp#27;[32m error message&amp#27;[0m &amp#27;[90m# step_definations.LoginFeatureStep.userShouldSeeErrorMessage(java.lang.String)&amp#27;[0m
]]></system-out>
    <system-err><![CDATA[Oct 10, 2024 7:41:03 PM org.openqa.selenium.devtools.CdpVersionFinder findNearestMatch
WARNING: Unable to find an exact match for CDP version 127, returning the closest version; found: 126; Please update to a Selenium version that supports CDP version 127
]]></system-err>
  </testcase>
  <testcase name="runScenario[&quot;User should not be able to login without username&quot;, &quot;Optional[Login feature]&quot;](3)" classname="test_runners.CucumberTestRunner" time="3.23">
    <system-out><![CDATA[
Scenario: User should not be able to login without username               &amp#27;[90m# src/test/java/feature/Login.feature:20&amp#27;[0m
  &amp#27;[32mGiven &amp#27;[0m&amp#27;[32mUser should be on the login screen&amp#27;[0m                                &amp#27;[90m# step_definations.LoginFeatureStep.userShouldBeOnTheLoginScreen()&amp#27;[0m
  &amp#27;[32mWhen &amp#27;[0m&amp#27;[32mUser enter &amp#27;[0m&amp#27;[32m&amp#27;[1m"secret_sauce"&amp#27;[0m&amp#27;[32m on the password field&amp#27;[0m                    &amp#27;[90m# step_definations.LoginFeatureStep.userEnterOnThePasswordField(java.lang.String)&amp#27;[0m
  &amp#27;[32mAnd &amp#27;[0m&amp#27;[32mUser click on the login button&amp#27;[0m                                      &amp#27;[90m# step_definations.LoginFeatureStep.userClickOnTheLoginButton()&amp#27;[0m
  &amp#27;[32mThen &amp#27;[0m&amp#27;[32mUser should see &amp#27;[0m&amp#27;[32m&amp#27;[1m"Epic sadface: Username is required"&amp#27;[0m&amp#27;[32m error message&amp#27;[0m &amp#27;[90m# step_definations.LoginFeatureStep.userShouldSeeErrorMessage(java.lang.String)&amp#27;[0m
]]></system-out>
    <system-err><![CDATA[Oct 10, 2024 7:41:06 PM org.openqa.selenium.devtools.CdpVersionFinder findNearestMatch
WARNING: Unable to find an exact match for CDP version 127, returning the closest version; found: 126; Please update to a Selenium version that supports CDP version 127
]]></system-err>
  </testcase>
  <testcase name="runScenario[&quot;User should not be able to login without password&quot;, &quot;Optional[Login feature]&quot;](4)" classname="test_runners.CucumberTestRunner" time="5.4">
    <system-out><![CDATA[
Scenario: User should not be able to login without password               &amp#27;[90m# src/test/java/feature/Login.feature:25&amp#27;[0m
  &amp#27;[32mGiven &amp#27;[0m&amp#27;[32mUser should be on the login screen&amp#27;[0m                                &amp#27;[90m# step_definations.LoginFeatureStep.userShouldBeOnTheLoginScreen()&amp#27;[0m
  &amp#27;[32mWhen &amp#27;[0m&amp#27;[32mUser enter &amp#27;[0m&amp#27;[32m&amp#27;[1m"standard_user"&amp#27;[0m&amp#27;[32m on the username field&amp#27;[0m                   &amp#27;[90m# step_definations.LoginFeatureStep.userEnterOnTheUsernameField(java.lang.String)&amp#27;[0m
  &amp#27;[32mAnd &amp#27;[0m&amp#27;[32mUser click on the login button&amp#27;[0m                                      &amp#27;[90m# step_definations.LoginFeatureStep.userClickOnTheLoginButton()&amp#27;[0m
  &amp#27;[32mThen &amp#27;[0m&amp#27;[32mUser should see &amp#27;[0m&amp#27;[32m&amp#27;[1m"Epic sadface: Password is required"&amp#27;[0m&amp#27;[32m error message&amp#27;[0m &amp#27;[90m# step_definations.LoginFeatureStep.userShouldSeeErrorMessage(java.lang.String)&amp#27;[0m
]]></system-out>
    <system-err><![CDATA[Oct 10, 2024 7:41:10 PM org.openqa.selenium.devtools.CdpVersionFinder findNearestMatch
WARNING: Unable to find an exact match for CDP version 127, returning the closest version; found: 126; Please update to a Selenium version that supports CDP version 127
]]></system-err>
  </testcase>
  <testcase name="runScenario[&quot;User should not be able to login without username and password&quot;, &quot;Optional[Login feature]&quot;](5)" classname="test_runners.CucumberTestRunner" time="10.166">
    <system-out><![CDATA[
Scenario: User should not be able to login without username and password  &amp#27;[90m# src/test/java/feature/Login.feature:30&amp#27;[0m
  &amp#27;[32mGiven &amp#27;[0m&amp#27;[32mUser should be on the login screen&amp#27;[0m                                &amp#27;[90m# step_definations.LoginFeatureStep.userShouldBeOnTheLoginScreen()&amp#27;[0m
  &amp#27;[32mWhen &amp#27;[0m&amp#27;[32mUser click on the login button&amp#27;[0m                                     &amp#27;[90m# step_definations.LoginFeatureStep.userClickOnTheLoginButton()&amp#27;[0m
  &amp#27;[32mThen &amp#27;[0m&amp#27;[32mUser should see &amp#27;[0m&amp#27;[32m&amp#27;[1m"Epic sadface: Username is required"&amp#27;[0m&amp#27;[32m error message&amp#27;[0m &amp#27;[90m# step_definations.LoginFeatureStep.userShouldSeeErrorMessage(java.lang.String)&amp#27;[0m
]]></system-out>
    <system-err><![CDATA[Oct 10, 2024 7:41:19 PM org.openqa.selenium.devtools.CdpVersionFinder findNearestMatch
WARNING: Unable to find an exact match for CDP version 127, returning the closest version; found: 126; Please update to a Selenium version that supports CDP version 127
]]></system-err>
  </testcase>
  <testcase name="runScenario[&quot;User should not be to login with invalid credentials&quot;, &quot;Optional[Login feature]&quot;](6)" classname="test_runners.CucumberTestRunner" time="15.566">
    <system-out><![CDATA[
Scenario Outline: User should not be to login with invalid credentials                                           &amp#27;[90m# src/test/java/feature/Login.feature:41&amp#27;[0m
  &amp#27;[32mGiven &amp#27;[0m&amp#27;[32mUser should be on the login screen&amp#27;[0m                                                                       &amp#27;[90m# step_definations.LoginFeatureStep.userShouldBeOnTheLoginScreen()&amp#27;[0m
  &amp#27;[32mWhen &amp#27;[0m&amp#27;[32mUser enter &amp#27;[0m&amp#27;[32m&amp#27;[1m"standard_user"&amp#27;[0m&amp#27;[32m on the username field&amp#27;[0m                                                          &amp#27;[90m# step_definations.LoginFeatureStep.userEnterOnTheUsernameField(java.lang.String)&amp#27;[0m
  &amp#27;[32mAnd &amp#27;[0m&amp#27;[32mUser enter &amp#27;[0m&amp#27;[32m&amp#27;[1m"secred_s"&amp#27;[0m&amp#27;[32m on the password field&amp#27;[0m                                                                &amp#27;[90m# step_definations.LoginFeatureStep.userEnterOnThePasswordField(java.lang.String)&amp#27;[0m
  &amp#27;[32mAnd &amp#27;[0m&amp#27;[32mUser click on the login button&amp#27;[0m                                                                             &amp#27;[90m# step_definations.LoginFeatureStep.userClickOnTheLoginButton()&amp#27;[0m
  &amp#27;[32mThen &amp#27;[0m&amp#27;[32mUser should see &amp#27;[0m&amp#27;[32m&amp#27;[1m"Epic sadface: Username and password do not match any user in this service"&amp#27;[0m&amp#27;[32m error message&amp#27;[0m &amp#27;[90m# step_definations.LoginFeatureStep.userShouldSeeErrorMessage(java.lang.String)&amp#27;[0m
]]></system-out>
    <system-err><![CDATA[Oct 10, 2024 7:41:29 PM org.openqa.selenium.devtools.CdpVersionFinder findNearestMatch
WARNING: Unable to find an exact match for CDP version 127, returning the closest version; found: 126; Please update to a Selenium version that supports CDP version 127
]]></system-err>
  </testcase>
  <testcase name="runScenario[&quot;User should not be to login with invalid credentials&quot;, &quot;Optional[Login feature]&quot;](7)" classname="test_runners.CucumberTestRunner" time="14.506">
    <system-out><![CDATA[
Scenario Outline: User should not be to login with invalid credentials    &amp#27;[90m# src/test/java/feature/Login.feature:42&amp#27;[0m
  &amp#27;[32mGiven &amp#27;[0m&amp#27;[32mUser should be on the login screen&amp#27;[0m                                &amp#27;[90m# step_definations.LoginFeatureStep.userShouldBeOnTheLoginScreen()&amp#27;[0m
  &amp#27;[32mWhen &amp#27;[0m&amp#27;[32mUser enter &amp#27;[0m&amp#27;[32m&amp#27;[1m""&amp#27;[0m&amp#27;[32m on the username field&amp#27;[0m                                &amp#27;[90m# step_definations.LoginFeatureStep.userEnterOnTheUsernameField(java.lang.String)&amp#27;[0m
  &amp#27;[32mAnd &amp#27;[0m&amp#27;[32mUser enter &amp#27;[0m&amp#27;[32m&amp#27;[1m"secret_sauce"&amp#27;[0m&amp#27;[32m on the password field&amp#27;[0m                     &amp#27;[90m# step_definations.LoginFeatureStep.userEnterOnThePasswordField(java.lang.String)&amp#27;[0m
  &amp#27;[32mAnd &amp#27;[0m&amp#27;[32mUser click on the login button&amp#27;[0m                                      &amp#27;[90m# step_definations.LoginFeatureStep.userClickOnTheLoginButton()&amp#27;[0m
  &amp#27;[32mThen &amp#27;[0m&amp#27;[32mUser should see &amp#27;[0m&amp#27;[32m&amp#27;[1m"Epic sadface: Username is required"&amp#27;[0m&amp#27;[32m error message&amp#27;[0m &amp#27;[90m# step_definations.LoginFeatureStep.userShouldSeeErrorMessage(java.lang.String)&amp#27;[0m
]]></system-out>
    <system-err><![CDATA[Oct 10, 2024 7:41:46 PM org.openqa.selenium.devtools.CdpVersionFinder findNearestMatch
WARNING: Unable to find an exact match for CDP version 127, returning the closest version; found: 126; Please update to a Selenium version that supports CDP version 127
]]></system-err>
  </testcase>
  <testcase name="runScenario[&quot;User should not be to login with invalid credentials&quot;, &quot;Optional[Login feature]&quot;](8)" classname="test_runners.CucumberTestRunner" time="11.676">
    <system-out><![CDATA[
Scenario Outline: User should not be to login with invalid credentials    &amp#27;[90m# src/test/java/feature/Login.feature:43&amp#27;[0m
  &amp#27;[32mGiven &amp#27;[0m&amp#27;[32mUser should be on the login screen&amp#27;[0m                                &amp#27;[90m# step_definations.LoginFeatureStep.userShouldBeOnTheLoginScreen()&amp#27;[0m
  &amp#27;[32mWhen &amp#27;[0m&amp#27;[32mUser enter &amp#27;[0m&amp#27;[32m&amp#27;[1m"standard_user"&amp#27;[0m&amp#27;[32m on the username field&amp#27;[0m                   &amp#27;[90m# step_definations.LoginFeatureStep.userEnterOnTheUsernameField(java.lang.String)&amp#27;[0m
  &amp#27;[32mAnd &amp#27;[0m&amp#27;[32mUser enter &amp#27;[0m&amp#27;[32m&amp#27;[1m""&amp#27;[0m&amp#27;[32m on the password field&amp#27;[0m                                 &amp#27;[90m# step_definations.LoginFeatureStep.userEnterOnThePasswordField(java.lang.String)&amp#27;[0m
  &amp#27;[32mAnd &amp#27;[0m&amp#27;[32mUser click on the login button&amp#27;[0m                                      &amp#27;[90m# step_definations.LoginFeatureStep.userClickOnTheLoginButton()&amp#27;[0m
  &amp#27;[32mThen &amp#27;[0m&amp#27;[32mUser should see &amp#27;[0m&amp#27;[32m&amp#27;[1m"Epic sadface: Password is required"&amp#27;[0m&amp#27;[32m error message&amp#27;[0m &amp#27;[90m# step_definations.LoginFeatureStep.userShouldSeeErrorMessage(java.lang.String)&amp#27;[0m
]]></system-out>
    <system-err><![CDATA[Oct 10, 2024 7:42:02 PM org.openqa.selenium.devtools.CdpVersionFinder findNearestMatch
WARNING: Unable to find an exact match for CDP version 127, returning the closest version; found: 126; Please update to a Selenium version that supports CDP version 127
]]></system-err>
  </testcase>
  <testcase name="runScenario[&quot;User should not be to login with invalid credentials&quot;, &quot;Optional[Login feature]&quot;](9)" classname="test_runners.CucumberTestRunner" time="6.957">
    <system-out><![CDATA[
Scenario Outline: User should not be to login with invalid credentials    &amp#27;[90m# src/test/java/feature/Login.feature:44&amp#27;[0m
  &amp#27;[32mGiven &amp#27;[0m&amp#27;[32mUser should be on the login screen&amp#27;[0m                                &amp#27;[90m# step_definations.LoginFeatureStep.userShouldBeOnTheLoginScreen()&amp#27;[0m
  &amp#27;[32mWhen &amp#27;[0m&amp#27;[32mUser enter &amp#27;[0m&amp#27;[32m&amp#27;[1m""&amp#27;[0m&amp#27;[32m on the username field&amp#27;[0m                                &amp#27;[90m# step_definations.LoginFeatureStep.userEnterOnTheUsernameField(java.lang.String)&amp#27;[0m
  &amp#27;[32mAnd &amp#27;[0m&amp#27;[32mUser enter &amp#27;[0m&amp#27;[32m&amp#27;[1m""&amp#27;[0m&amp#27;[32m on the password field&amp#27;[0m                                 &amp#27;[90m# step_definations.LoginFeatureStep.userEnterOnThePasswordField(java.lang.String)&amp#27;[0m
  &amp#27;[32mAnd &amp#27;[0m&amp#27;[32mUser click on the login button&amp#27;[0m                                      &amp#27;[90m# step_definations.LoginFeatureStep.userClickOnTheLoginButton()&amp#27;[0m
  &amp#27;[32mThen &amp#27;[0m&amp#27;[32mUser should see &amp#27;[0m&amp#27;[32m&amp#27;[1m"Epic sadface: Username is required"&amp#27;[0m&amp#27;[32m error message&amp#27;[0m &amp#27;[90m# step_definations.LoginFeatureStep.userShouldSeeErrorMessage(java.lang.String)&amp#27;[0m
]]></system-out>
    <system-err><![CDATA[Oct 10, 2024 7:42:08 PM org.openqa.selenium.devtools.CdpVersionFinder findNearestMatch
WARNING: Unable to find an exact match for CDP version 127, returning the closest version; found: 126; Please update to a Selenium version that supports CDP version 127
]]></system-err>
  </testcase>
</testsuite>